(---------------------------------------------------------------------)
(                                                                     )
(    NC DRILL Log                                                     )
(                                                                     )
(    Drawing          : #Taaaaaw01376.tmp                             )
(    Software Version : 16.6S009                                      )
(    Date/Time        : Thu May 16 11:03:27 2013                      )
(                                                                     )
(---------------------------------------------------------------------)



 Processing NC Parameters file 'nc_param.txt' ...

 NC PARAMETERS
 -------------

 FORMAT   		3.4
 MACHINE-OFFSET		x:0.000000	y:0.000000
 FEEDRATE		1
 COORDINATES		ABSOLUTE
 OUTPUT-UNITS		METRIC
 TOOL-ORDER		INCREASING
 REPEAT-CODES		YES
 SUPPRESS-LEAD-ZEROES	YES
 SUPPRESS-TRAIL-ZEROES	NO
 SUPPRESS-EQUAL		YES
 TOOL-SELECT		YES
 HEADER			none
 LEADER			12
 CODE			ASCII
 SEPARATE		NO
 SEPARATE-ROUTING	NO
 OPTIMIZE_DRILLING	NO
 ENHANCED_EXCELLON	YES
 SCALE			1.000000

 WARNING(SPMHMF-368): Cannot find NC Drill tool file 'nc_tools.txt'
 WARNING(SPMHMF-369): ... will auto-generate tool file 'nc_tools_auto.txt'.


     Auto-generating tool file 'nc_tools_auto.txt' ...

           Size  Plating  Tool        + Tolerance  - Tolerance

          0.500  P        T01            0.000000     0.000000
          1.000  P        T02            0.000000     0.000000
          2.000  P        T03            0.000000     0.000000
          3.200  P        T04            0.000000     0.000000


 Drill files being output to directory 'E:/ORCAD_sch/Other/TEST-UM_01v1/pcb/art' ...



     'test-um_01v1-1-2.drl' created for holes connecting TOP and BOTTOM
     ------------------------------------------------------------------

     Tool  Num     Size      +/- Tolerance     Plating   Quantity

     T01    1.   0.5000    0.0000/  0.0000      PLATED         17
     T02    2.   1.0000    0.0000/  0.0000      PLATED        220
     T03    3.   2.0000    0.0000/  0.0000      PLATED          1
     T04    4.   3.2000    0.0000/  0.0000      PLATED          6

     ---- Total holes:                                        244

     ---- Total head travel:              9.15 feet (2.79 meters)

